<?xml version="1.0" encoding="UTF-8"?>
<!-- Generated by org.testng.reporters.JUnitXMLReporter -->
<testsuite ignored="2" hostname="WorkBeast" failures="0" tests="6" name="Surefire test" time="172.696" errors="0" timestamp="2024-09-03T15:43:29 IST">
  <testcase classname="comComcastContactTest.CreateContact_Test" name="createContactWithOrg" time="36.456"/>
  <testcase classname="comComcastContactTest.CreateContact_Test" name="createContactWithSupportDate_Test" time="15.636"/>
  <testcase classname="comComcastContactTest.CreateContact_Test" name="createContact_Test" time="15.343"/>
  <testcase classname="comComcastOrganizationTest.CreateOrganisation_Test" name="createOrgWithPhoneNum" time="28.535"/>
  <testcase classname="comComcastOrganizationTest.CreateOrganisation_Test" name="createOrganisation_Test" time="16.102"/>
  <testcase classname="comComcastOrganizationTest.CreateOrganisation_Test" name="createOrganizationWithIndustryType" time="16.653"/>
  <testcase classname="comComCastCRMGenericBaseTest.BaseClass" name="@BeforeSuite configBS" time="0.0">
    <ignored/>
  </testcase> <!-- @BeforeSuite configBS -->
  <testcase classname="comComCastCRMGenericBaseTest.BaseClass" name="@AfterSuite configAS" time="0.0">
    <ignored/>
  </testcase> <!-- @AfterSuite configAS -->
</testsuite> <!-- Surefire test -->
