<?xml version="1.0" encoding="UTF-8"?>
<testng-results ignored="0" total="3" passed="3" failed="0" skipped="0">
  <reporter-output>
  </reporter-output>
  <suite started-at="2024-09-03T15:37:21 IST" name="Default suite" finished-at="2024-09-03T15:39:02 IST" duration-ms="101327">
    <groups>
      <group name="regressionTest">
        <method signature="CreateContact_Test.createContactWithOrg()[pri:0, instance:comComcastContactTest.CreateContact_Test@7526515b]" name="createContactWithOrg" class="comComcastContactTest.CreateContact_Test"/>
        <method signature="CreateContact_Test.createContactWithSupportDate_Test()[pri:0, instance:comComcastContactTest.CreateContact_Test@7526515b]" name="createContactWithSupportDate_Test" class="comComcastContactTest.CreateContact_Test"/>
      </group> <!-- regressionTest -->
      <group name="smokeTest">
        <method signature="CreateContact_Test.createContact_Test()[pri:0, instance:comComcastContactTest.CreateContact_Test@7526515b]" name="createContact_Test" class="comComcastContactTest.CreateContact_Test"/>
      </group> <!-- smokeTest -->
    </groups>
    <test started-at="2024-09-03T15:37:21 IST" name="Default test" finished-at="2024-09-03T15:39:02 IST" duration-ms="101327">
      <class name="comComcastContactTest.CreateContact_Test">
        <test-method is-config="true" signature="configBS()[pri:0, instance:comComcastContactTest.CreateContact_Test@7526515b]" started-at="2024-09-03T15:37:21 IST" name="configBS" finished-at="2024-09-03T15:37:21 IST" duration-ms="16" status="PASS">
          <reporter-output>
          </reporter-output>
        </test-method> <!-- configBS -->
        <test-method is-config="true" signature="configBC()[pri:0, instance:comComcastContactTest.CreateContact_Test@7526515b]" started-at="2024-09-03T15:37:21 IST" name="configBC" finished-at="2024-09-03T15:37:23 IST" duration-ms="2133" status="PASS">
          <reporter-output>
          </reporter-output>
        </test-method> <!-- configBC -->
        <test-method is-config="true" signature="configBM()[pri:0, instance:comComcastContactTest.CreateContact_Test@7526515b]" started-at="2024-09-03T15:37:23 IST" name="configBM" finished-at="2024-09-03T15:37:30 IST" duration-ms="7344" status="PASS">
          <reporter-output>
          </reporter-output>
        </test-method> <!-- configBM -->
        <test-method signature="createContactWithOrg()[pri:0, instance:comComcastContactTest.CreateContact_Test@7526515b]" started-at="2024-09-03T15:37:30 IST" name="createContactWithOrg" finished-at="2024-09-03T15:38:18 IST" duration-ms="47741" status="PASS">
          <reporter-output>
          </reporter-output>
        </test-method> <!-- createContactWithOrg -->
        <test-method is-config="true" signature="configAM()[pri:0, instance:comComcastContactTest.CreateContact_Test@7526515b]" started-at="2024-09-03T15:38:18 IST" name="configAM" finished-at="2024-09-03T15:38:20 IST" duration-ms="2262" status="PASS">
          <reporter-output>
          </reporter-output>
        </test-method> <!-- configAM -->
        <test-method is-config="true" signature="configBM()[pri:0, instance:comComcastContactTest.CreateContact_Test@7526515b]" started-at="2024-09-03T15:38:20 IST" name="configBM" finished-at="2024-09-03T15:38:24 IST" duration-ms="3942" status="PASS">
          <reporter-output>
          </reporter-output>
        </test-method> <!-- configBM -->
        <test-method signature="createContactWithSupportDate_Test()[pri:0, instance:comComcastContactTest.CreateContact_Test@7526515b]" started-at="2024-09-03T15:38:24 IST" name="createContactWithSupportDate_Test" finished-at="2024-09-03T15:38:39 IST" duration-ms="14582" status="PASS">
          <reporter-output>
          </reporter-output>
        </test-method> <!-- createContactWithSupportDate_Test -->
        <test-method is-config="true" signature="configAM()[pri:0, instance:comComcastContactTest.CreateContact_Test@7526515b]" started-at="2024-09-03T15:38:39 IST" name="configAM" finished-at="2024-09-03T15:38:41 IST" duration-ms="1881" status="PASS">
          <reporter-output>
          </reporter-output>
        </test-method> <!-- configAM -->
        <test-method is-config="true" signature="configBM()[pri:0, instance:comComcastContactTest.CreateContact_Test@7526515b]" started-at="2024-09-03T15:38:41 IST" name="configBM" finished-at="2024-09-03T15:38:45 IST" duration-ms="3897" status="PASS">
          <reporter-output>
          </reporter-output>
        </test-method> <!-- configBM -->
        <test-method signature="createContact_Test()[pri:0, instance:comComcastContactTest.CreateContact_Test@7526515b]" started-at="2024-09-03T15:38:45 IST" name="createContact_Test" finished-at="2024-09-03T15:39:00 IST" duration-ms="15182" status="PASS">
          <reporter-output>
          </reporter-output>
        </test-method> <!-- createContact_Test -->
        <test-method is-config="true" signature="configAM()[pri:0, instance:comComcastContactTest.CreateContact_Test@7526515b]" started-at="2024-09-03T15:39:00 IST" name="configAM" finished-at="2024-09-03T15:39:02 IST" duration-ms="1718" status="PASS">
          <reporter-output>
          </reporter-output>
        </test-method> <!-- configAM -->
        <test-method is-config="true" signature="configAc()[pri:0, instance:comComcastContactTest.CreateContact_Test@7526515b]" started-at="2024-09-03T15:39:02 IST" name="configAc" finished-at="2024-09-03T15:39:02 IST" duration-ms="573" status="PASS">
          <reporter-output>
          </reporter-output>
        </test-method> <!-- configAc -->
        <test-method is-config="true" signature="configAS()[pri:0, instance:comComcastContactTest.CreateContact_Test@7526515b]" started-at="2024-09-03T15:39:02 IST" name="configAS" finished-at="2024-09-03T15:39:02 IST" duration-ms="0" status="PASS">
          <reporter-output>
          </reporter-output>
        </test-method> <!-- configAS -->
      </class> <!-- comComcastContactTest.CreateContact_Test -->
    </test> <!-- Default test -->
  </suite> <!-- Default suite -->
</testng-results>
