<?xml version="1.0" encoding="UTF-8"?>
<!-- Generated by org.testng.reporters.JUnitXMLReporter -->
<testsuite ignored="0" hostname="WorkBeast" failures="0" tests="3" name="Default test" time="101.327" errors="0" timestamp="2024-09-03T15:39:02 IST">
  <testcase classname="comComcastContactTest.CreateContact_Test" name="createContactWithOrg" time="47.741"/>
  <testcase classname="comComcastContactTest.CreateContact_Test" name="createContactWithSupportDate_Test" time="14.582"/>
  <testcase classname="comComcastContactTest.CreateContact_Test" name="createContact_Test" time="15.182"/>
</testsuite> <!-- Default test -->
