<?xml version="1.0" encoding="UTF-8"?>
<testng-results ignored="0" total="2" passed="2" failed="0" skipped="0">
  <reporter-output>
  </reporter-output>
  <suite started-at="2024-09-03T17:47:26 IST" name="Suite" finished-at="2024-09-03T17:48:00 IST" duration-ms="33951">
    <groups>
      <group name="smokeTest">
        <method signature="CreateContact_Test.createContact_Test()[pri:0, instance:comComcastContactTest.CreateContact_Test@4be29ed9]" name="createContact_Test" class="comComcastContactTest.CreateContact_Test"/>
        <method signature="CreateOrganisation_Test.createOrganisation_Test()[pri:0, instance:comComcastOrganizationTest.CreateOrganisation_Test@74e28667]" name="createOrganisation_Test" class="comComcastOrganizationTest.CreateOrganisation_Test"/>
      </group> <!-- smokeTest -->
    </groups>
    <test started-at="2024-09-03T17:47:26 IST" name="Test" finished-at="2024-09-03T17:48:00 IST" duration-ms="33951">
      <class name="comComcastOrganizationTest.CreateOrganisation_Test">
        <test-method is-config="true" signature="configBS()[pri:0, instance:comComcastOrganizationTest.CreateOrganisation_Test@74e28667]" started-at="2024-09-03T17:47:26 IST" name="configBS" finished-at="2024-09-03T17:47:26 IST" duration-ms="13" status="PASS">
          <reporter-output>
          </reporter-output>
        </test-method> <!-- configBS -->
        <test-method is-config="true" signature="configBC()[pri:0, instance:comComcastOrganizationTest.CreateOrganisation_Test@74e28667]" started-at="2024-09-03T17:47:26 IST" name="configBC" finished-at="2024-09-03T17:47:28 IST" duration-ms="1781" status="PASS">
          <reporter-output>
          </reporter-output>
        </test-method> <!-- configBC -->
        <test-method is-config="true" signature="configBM()[pri:0, instance:comComcastOrganizationTest.CreateOrganisation_Test@74e28667]" started-at="2024-09-03T17:47:28 IST" name="configBM" finished-at="2024-09-03T17:47:32 IST" duration-ms="4197" status="PASS">
          <reporter-output>
          </reporter-output>
        </test-method> <!-- configBM -->
        <test-method signature="createOrganisation_Test()[pri:0, instance:comComcastOrganizationTest.CreateOrganisation_Test@74e28667]" started-at="2024-09-03T17:47:32 IST" name="createOrganisation_Test" finished-at="2024-09-03T17:47:42 IST" duration-ms="9529" status="PASS">
          <reporter-output>
          </reporter-output>
        </test-method> <!-- createOrganisation_Test -->
        <test-method is-config="true" signature="configAM()[pri:0, instance:comComcastOrganizationTest.CreateOrganisation_Test@74e28667]" started-at="2024-09-03T17:47:42 IST" name="configAM" finished-at="2024-09-03T17:47:43 IST" duration-ms="1243" status="PASS">
          <reporter-output>
          </reporter-output>
        </test-method> <!-- configAM -->
        <test-method is-config="true" signature="configAc()[pri:0, instance:comComcastOrganizationTest.CreateOrganisation_Test@74e28667]" started-at="2024-09-03T17:47:43 IST" name="configAc" finished-at="2024-09-03T17:47:43 IST" duration-ms="238" status="PASS">
          <reporter-output>
          </reporter-output>
        </test-method> <!-- configAc -->
        <test-method is-config="true" signature="configAS()[pri:0, instance:comComcastOrganizationTest.CreateOrganisation_Test@74e28667]" started-at="2024-09-03T17:48:00 IST" name="configAS" finished-at="2024-09-03T17:48:00 IST" duration-ms="0" status="PASS">
          <reporter-output>
          </reporter-output>
        </test-method> <!-- configAS -->
      </class> <!-- comComcastOrganizationTest.CreateOrganisation_Test -->
      <class name="comComcastContactTest.CreateContact_Test">
        <test-method is-config="true" signature="configBC()[pri:0, instance:comComcastContactTest.CreateContact_Test@4be29ed9]" started-at="2024-09-03T17:47:43 IST" name="configBC" finished-at="2024-09-03T17:47:44 IST" duration-ms="1049" status="PASS">
          <reporter-output>
          </reporter-output>
        </test-method> <!-- configBC -->
        <test-method is-config="true" signature="configBM()[pri:0, instance:comComcastContactTest.CreateContact_Test@4be29ed9]" started-at="2024-09-03T17:47:44 IST" name="configBM" finished-at="2024-09-03T17:47:48 IST" duration-ms="3681" status="PASS">
          <reporter-output>
          </reporter-output>
        </test-method> <!-- configBM -->
        <test-method signature="createContact_Test()[pri:0, instance:comComcastContactTest.CreateContact_Test@4be29ed9]" started-at="2024-09-03T17:47:48 IST" name="createContact_Test" finished-at="2024-09-03T17:47:58 IST" duration-ms="10122" status="PASS">
          <reporter-output>
          </reporter-output>
        </test-method> <!-- createContact_Test -->
        <test-method is-config="true" signature="configAM()[pri:0, instance:comComcastContactTest.CreateContact_Test@4be29ed9]" started-at="2024-09-03T17:47:58 IST" name="configAM" finished-at="2024-09-03T17:48:00 IST" duration-ms="1774" status="PASS">
          <reporter-output>
          </reporter-output>
        </test-method> <!-- configAM -->
        <test-method is-config="true" signature="configAc()[pri:0, instance:comComcastContactTest.CreateContact_Test@4be29ed9]" started-at="2024-09-03T17:48:00 IST" name="configAc" finished-at="2024-09-03T17:48:00 IST" duration-ms="285" status="PASS">
          <reporter-output>
          </reporter-output>
        </test-method> <!-- configAc -->
      </class> <!-- comComcastContactTest.CreateContact_Test -->
    </test> <!-- Test -->
  </suite> <!-- Suite -->
</testng-results>
