<?xml version="1.0" encoding="UTF-8"?>
<!-- Generated by org.testng.reporters.JUnitXMLReporter -->
<testsuite ignored="6" hostname="WorkBeast" failures="0" tests="2" name="Test" time="33.951" errors="0" timestamp="2024-09-03T17:48:00 IST">
  <testcase classname="comComcastOrganizationTest.CreateOrganisation_Test" name="createOrganisation_Test" time="9.529"/>
  <testcase classname="comComcastContactTest.CreateContact_Test" name="createContact_Test" time="10.122"/>
  <testcase classname="comComCastCRMGenericBaseTest.BaseClass" name="@BeforeSuite configBS" time="0.0">
    <ignored/>
  </testcase> <!-- @BeforeSuite configBS -->
  <testcase classname="comComcastOrganizationTest.CreateOrganisation_Test" name="createOrgWithPhoneNum" time="0.0">
    <ignored/>
  </testcase> <!-- createOrgWithPhoneNum -->
  <testcase classname="comComcastOrganizationTest.CreateOrganisation_Test" name="createOrganizationWithIndustryType" time="0.0">
    <ignored/>
  </testcase> <!-- createOrganizationWithIndustryType -->
  <testcase classname="comComcastContactTest.CreateContact_Test" name="createContactWithOrg" time="0.0">
    <ignored/>
  </testcase> <!-- createContactWithOrg -->
  <testcase classname="comComCastCRMGenericBaseTest.BaseClass" name="@AfterSuite configAS" time="0.0">
    <ignored/>
  </testcase> <!-- @AfterSuite configAS -->
  <testcase classname="comComcastContactTest.CreateContact_Test" name="createContactWithSupportDate_Test" time="0.0">
    <ignored/>
  </testcase> <!-- createContactWithSupportDate_Test -->
</testsuite> <!-- Test -->
