<?xml version="1.0" encoding="UTF-8"?>
<!-- Generated by org.testng.reporters.JUnitXMLReporter -->
<testsuite ignored="0" hostname="WorkBeast" failures="0" tests="3" name="Test1" time="308.898" errors="0" timestamp="2024-08-28T18:30:56 IST">
  <testcase classname="comComcastOrganizationTest.CreateOrganisation_Test" name="createOrgWithPhoneNum" time="71.652"/>
  <testcase classname="comComcastOrganizationTest.CreateOrganisation_Test" name="createOrganisation_Test" time="53.931"/>
  <testcase classname="comComcastOrganizationTest.CreateOrganisation_Test" name="createOrganizationWithIndustryType" time="67.359"/>
</testsuite> <!-- Test1 -->
