<?xml version="1.0" encoding="UTF-8"?>
<!-- Generated by org.testng.reporters.JUnitXMLReporter -->
<testsuite ignored="0" hostname="WorkBeast" failures="0" tests="3" name="Test2" time="324.81" errors="0" timestamp="2024-08-28T18:31:11 IST">
  <testcase classname="comComcastContactTest.CreateContact_Test" name="createContactWithOrg" time="129.999"/>
  <testcase classname="comComcastContactTest.CreateContact_Test" name="createContactWithSupportDate_Test" time="74.898"/>
  <testcase classname="comComcastContactTest.CreateContact_Test" name="createContact_Test" time="32.242"/>
</testsuite> <!-- Test2 -->
