<?xml version="1.0" encoding="UTF-8"?>
<!-- Generated by org.testng.reporters.JUnitXMLReporter -->
<testsuite ignored="0" hostname="WorkBeast" failures="0" tests="6" name="Test Runner_Edge" time="177.632" errors="0" timestamp="2024-08-22T14:47:12 IST">
  <testcase classname="comComcastOrganizationTest.CreateOrganisation_Test" name="createOrgWithPhoneNum" time="15.501"/>
  <testcase classname="comComcastOrganizationTest.CreateOrganisation_Test" name="createOrganisation_Test" time="14.195"/>
  <testcase classname="comComcastOrganizationTest.CreateOrganisation_Test" name="createOrganizationWithIndustryType" time="17.028"/>
  <testcase classname="comComcastContactTest.CreateContact_Test" name="createContactWithOrg" time="42.575"/>
  <testcase classname="comComcastContactTest.CreateContact_Test" name="createContactWithSupportDate_Test" time="19.61"/>
  <testcase classname="comComcastContactTest.CreateContact_Test" name="createContact_Test" time="14.035"/>
</testsuite> <!-- Test Runner_Edge -->
