<?xml version="1.0" encoding="UTF-8"?>
<!-- Generated by org.testng.reporters.JUnitXMLReporter -->
<testsuite ignored="2" hostname="WorkBeast" failures="0" tests="6" name="Test" time="111.092" errors="0" timestamp="2024-08-28T17:52:40 IST">
  <testcase classname="comComcastOrganizationTest.CreateOrganisation_Test" name="createOrgWithPhoneNum" time="9.778"/>
  <testcase classname="comComcastOrganizationTest.CreateOrganisation_Test" name="createOrganisation_Test" time="9.494"/>
  <testcase classname="comComcastOrganizationTest.CreateOrganisation_Test" name="createOrganizationWithIndustryType" time="10.944"/>
  <testcase classname="comComcastContactTest.CreateContact_Test" name="createContactWithOrg" time="27.763"/>
  <testcase classname="comComcastContactTest.CreateContact_Test" name="createContactWithSupportDate_Test" time="10.437"/>
  <testcase classname="comComcastContactTest.CreateContact_Test" name="createContact_Test" time="11.463"/>
  <testcase classname="comComCastCRMGenericBaseTest.BaseClass" name="@BeforeSuite configBS" time="0.0">
    <ignored/>
  </testcase> <!-- @BeforeSuite configBS -->
  <testcase classname="comComCastCRMGenericBaseTest.BaseClass" name="@AfterSuite configAS" time="0.0">
    <ignored/>
  </testcase> <!-- @AfterSuite configAS -->
</testsuite> <!-- Test -->
