<?xml version="1.0" encoding="UTF-8"?>
<!-- Generated by org.testng.reporters.JUnitXMLReporter -->
<testsuite ignored="0" hostname="WorkBeast" failures="0" tests="6" name="TestRunner_Chrome" time="167.796" errors="0" timestamp="2024-08-22T14:47:03 IST">
  <testcase classname="comComcastOrganizationTest.CreateOrganisation_Test" name="createOrgWithPhoneNum" time="14.51"/>
  <testcase classname="comComcastOrganizationTest.CreateOrganisation_Test" name="createOrganisation_Test" time="16.008"/>
  <testcase classname="comComcastOrganizationTest.CreateOrganisation_Test" name="createOrganizationWithIndustryType" time="16.155"/>
  <testcase classname="comComcastContactTest.CreateContact_Test" name="createContactWithOrg" time="43.046"/>
  <testcase classname="comComcastContactTest.CreateContact_Test" name="createContactWithSupportDate_Test" time="18.714"/>
  <testcase classname="comComcastContactTest.CreateContact_Test" name="createContact_Test" time="17.098"/>
</testsuite> <!-- TestRunner_Chrome -->
